2025-06-13 19:07:33,764 - INFO - Starting Random Search with 10 trials
2025-06-13 19:07:33,764 - INFO - Starting trial 1/10
2025-06-13 19:07:34,197 - ERROR - Experiment 0 failed: ('cannot represent an object', np.float64(0.00015500710787821106))
2025-06-13 19:07:34,198 - INFO - Starting trial 2/10
2025-06-13 19:07:34,312 - ERROR - Experiment 1 failed: ('cannot represent an object', np.float64(0.03414016019207292))
2025-06-13 19:07:34,313 - INFO - Starting trial 3/10
2025-06-13 19:07:34,446 - ERROR - Experiment 2 failed: ('cannot represent an object', np.float64(0.03414016019207292))
2025-06-13 19:07:34,448 - INFO - Starting trial 4/10
2025-06-13 19:07:34,559 - ERROR - Experiment 3 failed: ('cannot represent an object', np.float64(0.03414016019207292))
2025-06-13 19:07:34,560 - INFO - Starting trial 5/10
2025-06-13 19:07:34,679 - ERROR - Experiment 4 failed: ('cannot represent an object', np.float64(0.03414016019207292))
2025-06-13 19:07:34,680 - INFO - Starting trial 6/10
2025-06-13 19:07:34,793 - ERROR - Experiment 5 failed: ('cannot represent an object', np.float64(0.03414016019207292))
2025-06-13 19:07:34,795 - INFO - Starting trial 7/10
2025-06-13 19:07:34,910 - ERROR - Experiment 6 failed: ('cannot represent an object', np.float64(0.03414016019207292))
2025-06-13 19:07:34,912 - INFO - Starting trial 8/10
2025-06-13 19:07:35,025 - ERROR - Experiment 7 failed: ('cannot represent an object', np.float64(0.03414016019207292))
2025-06-13 19:07:35,026 - INFO - Starting trial 9/10
2025-06-13 19:07:35,254 - ERROR - Experiment 8 failed: ('cannot represent an object', np.float64(0.03414016019207292))
2025-06-13 19:07:35,255 - INFO - Starting trial 10/10
2025-06-13 19:07:35,364 - ERROR - Experiment 9 failed: ('cannot represent an object', np.float64(0.03414016019207292))
2025-06-13 19:07:35,366 - INFO - Random Search completed. Best mAP50: 0.0000
2025-06-13 19:11:01,393 - INFO - Initialisiert ImprovedHyperparameterTuner
2025-06-13 19:11:01,393 - INFO - Config: ../data_small/dog_dataset.yaml
2025-06-13 19:11:01,393 - INFO - Results: improved_tuning_results
2025-06-13 19:11:44,624 - INFO - Starte Random Search mit 10 Experimenten
2025-06-13 19:11:44,624 - INFO - Starte Experiment 0
2025-06-13 19:11:44,632 - INFO - Konfiguration erstellt: improved_tuning_results\config_exp_000.yaml
2025-06-13 21:10:23,842 - INFO - Initialisiert ImprovedHyperparameterTuner
2025-06-13 21:10:23,842 - INFO - Config: ../data_small/dog_dataset.yaml
2025-06-13 21:10:23,843 - INFO - Results: improved_tuning_results
2025-06-13 21:14:42,976 - INFO - Initialisiert ImprovedHyperparameterTuner
2025-06-13 21:14:42,977 - INFO - Config: ../data_small/dog_dataset.yaml
2025-06-13 21:14:42,977 - INFO - Results: improved_tuning_results
2025-06-13 21:27:56,190 - INFO - Initialisiert ImprovedHyperparameterTuner mit BESTER BASIS-ARCHITEKTUR
2025-06-13 21:27:56,190 - INFO -   • Basis: {'optimizer': 'SGD', 'dropout': 0.1, 'weight_decay': 0.0, 'momentum': 0.937}
2025-06-13 21:28:43,264 - INFO - Initialisiert ImprovedHyperparameterTuner mit BESTER BASIS-ARCHITEKTUR
2025-06-13 21:28:43,265 - INFO -   • Basis: {'optimizer': 'SGD', 'dropout': 0.1, 'weight_decay': 0.0, 'momentum': 0.937}
2025-06-13 21:30:04,179 - INFO - Starte Random Search mit 10 Experimenten
2025-06-13 21:30:04,180 - INFO - Basis-Architektur: {'optimizer': 'SGD', 'dropout': 0.1, 'weight_decay': 0.0, 'momentum': 0.937}
2025-06-13 21:30:04,180 - INFO - Modell: yolov8s.pt, Epochen: 30
2025-06-13 21:30:04,181 - INFO - Starte optimiertes Experiment 0
2025-06-13 21:30:04,183 - INFO - Optimierte Konfiguration erstellt: optimized_tuning_results\config_optimized_exp_000.yaml
2025-06-13 21:33:01,077 - INFO - Starte Random Search mit 10 Experimenten
2025-06-13 21:33:01,077 - INFO - Basis-Architektur: {'optimizer': 'SGD', 'dropout': 0.1, 'weight_decay': 0.0, 'momentum': 0.937}
2025-06-13 21:33:01,077 - INFO - Modell: yolov8s.pt, Epochen: 10
2025-06-13 21:33:01,078 - INFO - Starte optimiertes Experiment 0
2025-06-13 21:33:01,080 - INFO - Optimierte Konfiguration erstellt: optimized_tuning_results\config_optimized_exp_000.yaml
2025-06-13 21:36:49,322 - INFO - Starte Random Search mit 5 Experimenten
2025-06-13 21:36:49,322 - INFO - Basis-Architektur: {'optimizer': 'SGD', 'dropout': 0.1, 'weight_decay': 0.0, 'momentum': 0.937}
2025-06-13 21:36:49,323 - INFO - Modell: yolov8s.pt, Epochen: 10
2025-06-13 21:36:49,323 - INFO - Starte optimiertes Experiment 0
2025-06-13 21:36:49,325 - INFO - Optimierte Konfiguration erstellt: optimized_tuning_results\config_optimized_exp_000.yaml
